Бот запущен. Ожидание сообщений...
Пользователь с айди 1281307873 и username alex_uruhov ввел номер телефона: 5313463245357
python3.9: can't open file '/root/bot.py': [Errno 2] No such file or directory
python3.9: can't open file '/root/bot.py': [Errno 2] No such file or directory
Бот запущен. Ожидание сообщений...
Пользователь с айди 6699477319 и username easymoneyjobbb ввел номер телефона: /start
Пользователь с айди 5836200573 и username None ввел номер телефона: У вас есть ночной работа
Бот запущен. Ожидание сообщений...
Пользователь с айди 6699477319 и username easymoneyjobbb ввел номер телефона: 0990441710
Пользователь с айди 476358435 и username topkits ввел номер телефона: Test_phone_username
Пользователь с айди 6699477319 и username easymoneyjobbb ввел номер телефона: phonetest
Бот запущен. Ожидание сообщений...
Test
Test2
Test3
TESTgoogle1
Test4
Пользователь TESTNAME (ID: 6699477319 | easymoneyjobbb) с города TESTCITY ввел номер телефона: TESTPHONE
Test
Test2
Test3
TESTgoogle1
Test4
Пользователь 2TESTNAME (ID: 6699477319 | easymoneyjobbb) с города 2TESTCITY ввел номер телефона: 2TESTPHONE
Бот запущен. Ожидание сообщений...
Test
Test2
Test3
TESTgoogle1
Test4
Пользователь TESTNAME (ID: 6699477319 | easymoneyjobbb) с города TESTCITY ввел номер телефона: TESTusernameORphone
Test
Test2
Test3
TESTgoogle1
Test4
Пользователь Dima test (ID: 6194677445 | dimanine) с города Dima tesxtgorod ввел номер телефона: dkfjlk
Бот запущен. Ожидание сообщений...
Пользователь 476358435 перешел по ссылке с параметром start: Danya
Бот запущен. Ожидание сообщений...
Пользователь 476358435 перешел по ссылке с параметром start: Danya
Пользователь testname (ID: 476358435 | topkits) с города testcity ввел номер телефона: testphone
Пользователь 6048600609 перешел по ссылке с параметром start: ru
Пользователь feef (ID: 6048600609 | Zzot27) с города fdfdf ввел номер телефона: dfd
Пользователь Александр (ID: 471282185 | dlceboy) с города Санкт-Петербург ввел номер телефона: @dlceboy
Пользователь Алексей
29 лет
Ищу постоянную работу,опыт есть
Права категории B (ID: 866223627 | norfo) с города Москва ввел номер телефона: +79932269381
Пользователь Олег (ID: 6228579207 | Oleg_M27) с города Ижевск ввел номер телефона: @Oleg_M27
Пользователь Роман (ID: 309827415 | mikhvylov) с города Чебоксары ввел номер телефона: @mikhvylov
Пользователь Назриддин (ID: 6416688928 | Anis0100) с города Московская область микрорайон Южный Котельники дом 12А ввел номер телефона: 9253643866
Пользователь 1.85 , 75 кг , 50 кладов в день как орешки (ID: 5592612432 | lolipap452) с города Одинцово ввел номер телефона: @lolipap452
Пользователь Нурсултан (ID: 1140177470 | Diwksdjwjqq) с города Москва ввел номер телефона: +7991-642-14-33
Пользователь Дмитрий (ID: 100805780 | Kumetz) с города Новороссийск ввел номер телефона: @Kumetz
Пользователь Sherzod (ID: 6068287806 | None) с города Масковская облсть ввел номер телефона: Sher zod
Пользователь Тест (ID: 1094683660 | chunis) с города Тест ввел номер телефона: тест
Пользователь Дмитрий (ID: 1783319838 | largoDM) с города Москва ввел номер телефона: LargoDM
Пользователь Максим (ID: 5771518964 | efimmaks06) с города Санкт-Петербург ввел номер телефона: 89611121517
Пользователь /start (ID: 476358435 | topkits) с города /start Danya ввел номер телефона: /start
Пользователь /start (ID: 476358435 | topkits) с города /start ввел номер телефона: /start
Пользователь /start (ID: 476358435 | topkits) с города /start ввел номер телефона: /start
Пользователь testname (ID: 476358435 | topkits) с города testcity ввел номер телефона: testphone
Пользователь Андрей (ID: 1419305561 | Anndr84) с города Видное ввел номер телефона: 89165546946
Пользователь testname (ID: 476358435 | topkits) с города testcity ввел номер телефона: testphone
Бот запущен. Ожидание сообщений...
Бот запущен. Ожидание сообщений...
test
2023-08-18 14:14:47
test2
test3
Пользователь TESTNAME (ID: 476358435 | topkits) с города testcity ввел номер телефона: testphone
Бот запущен. Ожидание сообщений...
test
2023-08-18 14:22:59
test2
test3
Пользователь /start (ID: 476358435 | topkits) с города testcity ввел номер телефона: testphone
test
2023-08-18 14:26:38
test2
test3
Пользователь TESTNAME (ID: 476358435 | topkits) с города TESTCITY ввел номер телефона: TESTPHONE
test
2023-08-18 14:31:27
test2
test3
Пользователь testname (ID: 476358435 | topkits) с города testcity ввел номер телефона: testname
test
2023-08-18 14:40:59
test2
test3
Пользователь vadim car (ID: 476358435 | topkits) с города msc ввел номер телефона: test
test
2023-08-18 14:42:24
test2
test3
Пользователь 123 (ID: 476358435 | topkits) с города 123 ввел номер телефона: 123
test
2023-08-18 14:44:41
test2
test3
Пользователь 123 (ID: 476358435 | topkits) с города 123 ввел номер телефона: 123
test
2023-08-18 14:56:55
test2
test3
Пользователь /start (ID: 476358435 | topkits) с города /start ввел номер телефона: /start
test
2023-08-18 15:25:59
test2
test3
Пользователь test name (ID: 476358435 | topkits) с города test city ввел номер телефона: test phone
Бот запущен. Ожидание сообщений...
2023-08-18 21:32:03
Бот запущен. Ожидание сообщений...
2023-08-18 21:35:16
2023-08-18 21:36:13
Пользователь 476358435 перешел по ссылке с параметром start: TEST_WEBMASTER
2023-08-18 21:36:55
Пользователь 1451374652 перешел по ссылке с параметром start: na
2023-08-19 00:22:27
2023-08-19 18:35:20
2023-08-19 20:01:21
2023-08-20 02:00:28
2023-08-20 02:01:01
2023-08-20 19:02:32
2023-08-20 23:44:33
2023-08-21 15:22:51
2023-08-21 18:22:58
2023-08-21 18:23:05
2023-08-21 18:23:08
2023-08-21 18:41:53
2023-08-21 18:48:01
2023-08-22 00:50:24
Пользователь 568860110 перешел по ссылке с параметром start: na
2023-08-22 10:39:48
2023-08-22 12:30:27
Пользователь 5381077569 перешел по ссылке с параметром start: na
2023-08-22 14:12:13
Пользователь 1039803194 перешел по ссылке с параметром start: na
Пользователь 5020413680 перешел по ссылке с параметром start: na
Пользователь 476358435 перешел по ссылке с параметром start: coder
2023-08-22 16:36:07
Пользователь 5751415817 перешел по ссылке с параметром start: na
2023-08-22 22:14:59
2023-08-22 22:24:51
2023-08-22 22:25:14
Пользователь 5650119990 перешел по ссылке с параметром start: test
2023-08-22 22:26:03
Пользователь 6059130725 перешел по ссылке с параметром start: TEST-WEBMASTER
2023-08-22 22:28:06
Бот запущен. Ожидание сообщений...
2023-08-22 22:24:42
Бот запущен. Ожидание сообщений...
2023-08-22 22:31:49
Пользователь 476358435 перешел по ссылке с параметром start: test_webmaster
2023-08-23 02:20:18
2023-08-23 13:40:54
Пользователь 2052457425 перешел по ссылке с параметром start: na
2023-08-23 18:29:05
Пользователь 476358435 перешел по ссылке с параметром start: X
Бот запущен. Ожидание сообщений...
2023-08-23 23:37:44
2023-08-24 04:12:52
Пользователь 476358435 перешел по ссылке с параметром start: Rudok
2023-08-24 04:13:49
Пользователь 1281307873 перешел по ссылке с параметром start: kdm
Пользователь 577218343 перешел по ссылке с параметром start: annkn
Пользователь 1630299426 перешел по ссылке с параметром start: annkp
2023-08-24 16:37:41
Пользователь 5755639903 перешел по ссылке с параметром start: annkp
Пользователь 6002778983 перешел по ссылке с параметром start: annkn
Пользователь 576975205 перешел по ссылке с параметром start: kdm
Пользователь 6057409770 перешел по ссылке с параметром start: kdm
Пользователь 1588023684 перешел по ссылке с параметром start: annkp
Пользователь 5134240434 перешел по ссылке с параметром start: annkp
Пользователь 2020716850 перешел по ссылке с параметром start: annkp
Пользователь 1013128590 перешел по ссылке с параметром start: kdm
2023-08-24 16:55:13
2023-08-24 16:55:56
Пользователь 5019696399 перешел по ссылке с параметром start: kdm
Пользователь 6023655117 перешел по ссылке с параметром start: annkp
Пользователь 6578174942 перешел по ссылке с параметром start: annkp
Пользователь 6049062986 перешел по ссылке с параметром start: kdm
2023-08-24 17:14:37
Пользователь 1138972892 перешел по ссылке с параметром start: kdm
Пользователь 5168349874 перешел по ссылке с параметром start: kdm
Пользователь 5159393978 перешел по ссылке с параметром start: annkp
Пользователь 370627483 перешел по ссылке с параметром start: annkp
2023-08-24 17:27:43
Пользователь 6556694434 перешел по ссылке с параметром start: kdm
Пользователь 5692747097 перешел по ссылке с параметром start: kdm
2023-08-24 17:33:08
Пользователь 1619452164 перешел по ссылке с параметром start: kdm
Пользователь 6513399333 перешел по ссылке с параметром start: annkp
2023-08-24 17:39:21
Пользователь 5410196853 перешел по ссылке с параметром start: annkp0
Пользователь 6420880072 перешел по ссылке с параметром start: annkp
Пользователь 1837483354 перешел по ссылке с параметром start: kdm
2023-08-24 19:04:45
Пользователь 5509300629 перешел по ссылке с параметром start: kdm
Пользователь 5043510294 перешел по ссылке с параметром start: kdm
Пользователь 6002553739 перешел по ссылке с параметром start: kdm
2023-08-24 19:36:12
Пользователь 5932746328 перешел по ссылке с параметром start: annkp
Пользователь 6394720154 перешел по ссылке с параметром start: annkp
2023-08-24 19:43:54
2023-08-24 19:44:07
Пользователь 906032023 перешел по ссылке с параметром start: kdm
Пользователь 5056329924 перешел по ссылке с параметром start: annkp
2023-08-24 19:50:36
2023-08-24 19:50:42
Пользователь 5056329924 перешел по ссылке с параметром start: annkp
Пользователь 906032023 перешел по ссылке с параметром start: annkp
Пользователь 6393874755 перешел по ссылке с параметром start: annkp
Пользователь 6262426972 перешел по ссылке с параметром start: kdm
Пользователь 6686150610 перешел по ссылке с параметром start: annkp
2023-08-24 20:10:59
Пользователь 5918964625 перешел по ссылке с параметром start: kdm
Пользователь 6121691825 перешел по ссылке с параметром start: annkp
Пользователь 1142081843 перешел по ссылке с параметром start: annkp
Пользователь 423004565 перешел по ссылке с параметром start: kdm
2023-08-24 20:21:46
Пользователь 5207209549 перешел по ссылке с параметром start: annkp
2023-08-24 20:32:29
Пользователь 5410213771 перешел по ссылке с параметром start: annkp
Пользователь 5912172799 перешел по ссылке с параметром start: annkp
2023-08-24 20:58:09
Пользователь 5058650539 перешел по ссылке с параметром start: annkp
2023-08-24 21:19:56
Пользователь 5819840588 перешел по ссылке с параметром start: annkn
2023-08-24 21:32:47
Пользователь 6153948245 перешел по ссылке с параметром start: annkp
Пользователь 2123688522 перешел по ссылке с параметром start: kdm
Пользователь 6142228004 перешел по ссылке с параметром start: kdm
2023-08-24 22:30:06
Пользователь 2068251006 перешел по ссылке с параметром start: annkp
2023-08-24 23:31:51
Пользователь 5169427899 перешел по ссылке с параметром start: kdm
Пользователь 5283100239 перешел по ссылке с параметром start: annkp
Пользователь 5495907437 перешел по ссылке с параметром start: annkp
Пользователь 5537821439 перешел по ссылке с параметром start: annkp
Пользователь 1804087723 перешел по ссылке с параметром start: annkp
Пользователь 5708725590 перешел по ссылке с параметром start: annkp
Пользователь 6512939460 перешел по ссылке с параметром start: annkp
Пользователь 6159398690 перешел по ссылке с параметром start: annkp
Пользователь 6393432808 перешел по ссылке с параметром start: annkp
2023-08-24 23:48:23
2023-08-24 23:48:25
Пользователь 1870210089 перешел по ссылке с параметром start: annkp
Пользователь 1360894868 перешел по ссылке с параметром start: annkp
Пользователь 5708725590 перешел по ссылке с параметром start: annkp
2023-08-24 23:49:31
2023-08-24 23:49:45
Пользователь 5016893239 перешел по ссылке с параметром start: annkp
2023-08-24 23:50:58
Пользователь 5856374368 перешел по ссылке с параметром start: annkp
2023-08-24 23:52:09
Пользователь 5318050575 перешел по ссылке с параметром start: kdm
Пользователь 6091782609 перешел по ссылке с параметром start: annkp
Пользователь 6350543455 перешел по ссылке с параметром start: annkp
2023-08-24 23:54:41
2023-08-24 23:55:34
Пользователь 5312192418 перешел по ссылке с параметром start: annkp
Пользователь 5182924430 перешел по ссылке с параметром start: kdm
Пользователь 5335363802 перешел по ссылке с параметром start: kdm
2023-08-24 23:57:57
Пользователь 6289546536 перешел по ссылке с параметром start: annkp
2023-08-24 23:57:59
Пользователь 6286870298 перешел по ссылке с параметром start: annkp
Пользователь 5546714590 перешел по ссылке с параметром start: annkp
2023-08-24 23:59:05
Пользователь 5299984122 перешел по ссылке с параметром start: kdm
Пользователь 6066986684 перешел по ссылке с параметром start: annkp
2023-08-24 23:59:54
Пользователь 6682083946 перешел по ссылке с параметром start: annkp
Пользователь 1193464509 перешел по ссылке с параметром start: annkp
2023-08-25 00:02:59
Пользователь 1320902578 перешел по ссылке с параметром start: annkp
Пользователь 245299676 перешел по ссылке с параметром start: annkp
Пользователь 215786443 перешел по ссылке с параметром start: annkp
Пользователь 1645958895 перешел по ссылке с параметром start: annkp
Пользователь 792636120 перешел по ссылке с параметром start: kdm
Пользователь 6671829760 перешел по ссылке с параметром start: annkp
Пользователь 5033345883 перешел по ссылке с параметром start: annkp
Пользователь 6232520259 перешел по ссылке с параметром start: annkp
Пользователь 6097148793 перешел по ссылке с параметром start: annkp
Пользователь 5771070039 перешел по ссылке с параметром start: kdm
Пользователь 6080593797 перешел по ссылке с параметром start: annkp
Пользователь 6572204771 перешел по ссылке с параметром start: kdm
Пользователь 6589200849 перешел по ссылке с параметром start: annkp
Пользователь 1321784362 перешел по ссылке с параметром start: annkp
Пользователь 1477328370 перешел по ссылке с параметром start: kdm
2023-08-25 00:11:33
2023-08-25 00:11:42
Пользователь 2121925425 перешел по ссылке с параметром start: kdm
2023-08-25 00:13:04
2023-08-25 00:13:05
Пользователь 1723394193 перешел по ссылке с параметром start: annkp
2023-08-25 00:15:32
Пользователь 6165640282 перешел по ссылке с параметром start: annkp
Пользователь 2064445446 перешел по ссылке с параметром start: annkp
Пользователь 1811620073 перешел по ссылке с параметром start: kdm
Пользователь 1364115106 перешел по ссылке с параметром start: annkp
2023-08-25 00:18:41
Пользователь 640591290 перешел по ссылке с параметром start: kdm
Пользователь 5724415967 перешел по ссылке с параметром start: annkp
Пользователь 701035262 перешел по ссылке с параметром start: annkp
2023-08-25 00:20:05
Пользователь 6260384567 перешел по ссылке с параметром start: kdm
Пользователь 1851918908 перешел по ссылке с параметром start: kdm
2023-08-25 00:22:08
Пользователь 6416369629 перешел по ссылке с параметром start: kdm
2023-08-25 00:22:45
Пользователь 5339778351 перешел по ссылке с параметром start: kdm
2023-08-25 00:24:06
Пользователь 5998860713 перешел по ссылке с параметром start: kdm
Пользователь 6126254097 перешел по ссылке с параметром start: kdm
Пользователь 5007210934 перешел по ссылке с параметром start: kdm
Пользователь 6501470775 перешел по ссылке с параметром start: annkp
Пользователь 6329575863 перешел по ссылке с параметром start: kdm
2023-08-25 00:28:45
2023-08-25 00:28:53
2023-08-25 00:28:53
Пользователь 1437629635 перешел по ссылке с параметром start: kdm
2023-08-25 00:30:36
Пользователь 5916988548 перешел по ссылке с параметром start: kdm
2023-08-25 00:32:09
Пользователь 5806234433 перешел по ссылке с параметром start: annkp
Пользователь 5660834935 перешел по ссылке с параметром start: annkp
2023-08-25 00:42:01
Пользователь 6405948053 перешел по ссылке с параметром start: kdm
2023-08-25 00:45:20
Пользователь 5637875255 перешел по ссылке с параметром start: annkp
Пользователь 5637438816 перешел по ссылке с параметром start: annkp
Пользователь 5975353567 перешел по ссылке с параметром start: kdm
2023-08-25 01:10:34
Пользователь 6143243616 перешел по ссылке с параметром start: kdm
Пользователь 6207835526 перешел по ссылке с параметром start: kdm
Пользователь 6358994922 перешел по ссылке с параметром start: annkp
Пользователь 6053387855 перешел по ссылке с параметром start: annkp
2023-08-25 02:54:25
2023-08-25 03:00:07
2023-08-25 03:00:56
2023-08-25 03:04:51
2023-08-25 03:05:28
Пользователь 5094699387 перешел по ссылке с параметром start: annkp
Пользователь 6339782677 перешел по ссылке с параметром start: annkp
Пользователь 5815403545 перешел по ссылке с параметром start: kdm
Пользователь 6063078834 перешел по ссылке с параметром start: annkp
Пользователь 5152604749 перешел по ссылке с параметром start: annkp
Пользователь 868592673 перешел по ссылке с параметром start: kdm
2023-08-25 12:06:54
2023-08-25 13:22:29
Пользователь 1974342366 перешел по ссылке с параметром start: annkp
2023-08-25 17:11:50
Пользователь 5256148151 перешел по ссылке с параметром start: annkp
2023-08-25 20:12:15
Пользователь 6416369629 перешел по ссылке с параметром start: kdm
2023-08-26 04:48:43
2023-08-26 15:10:41
Пользователь 1571345069 перешел по ссылке с параметром start: annkp
Пользователь 6289546536 перешел по ссылке с параметром start: annkp
2023-08-26 16:25:08
Пользователь 532340977 перешел по ссылке с параметром start: kdm
Пользователь 5729030902 перешел по ссылке с параметром start: kdm
2023-08-26 18:38:17
Пользователь 6089837298 перешел по ссылке с параметром start: kdm
Пользователь 6154543310 перешел по ссылке с параметром start: kdm
Пользователь 2015038197 перешел по ссылке с параметром start: kdm
Пользователь 6017431319 перешел по ссылке с параметром start: kdm
Пользователь 1155637866 перешел по ссылке с параметром start: kdm
2023-08-26 18:44:23
Пользователь 1197132781 перешел по ссылке с параметром start: kdm
2023-08-26 18:46:04
Пользователь 5446109629 перешел по ссылке с параметром start: kdm
2023-08-26 19:16:32
Пользователь 5586470769 перешел по ссылке с параметром start: kdm
2023-08-26 19:46:48
2023-08-26 21:20:41
/usr/local/lib/python3.9/dist-packages/gspread/worksheet.py:1046: UserWarning: [Deprecated][in version 6.0.0]: method signature will change to: 'Worksheet.update(value = [[]], range_name=)' arguments 'range_name' and 'values' will swap, values will be mandatory of type: 'list(list(...))'
  warnings.warn(
Traceback (most recent call last):
  File "/root/bot/bot.py", line 135, in <module>
    main()
  File "/root/bot/bot.py", line 126, in main
    start_counter = int(start_counter_cell)
TypeError: int() argument must be a string, a bytes-like object or a number, not 'NoneType'
Счетчик обновлен: 5
Бот запущен. Ожидание сообщений...
Счетчик обновлен: 5
Счетчик обновлен: 6
/usr/local/lib/python3.9/dist-packages/gspread/worksheet.py:1046: UserWarning: [Deprecated][in version 6.0.0]: method signature will change to: 'Worksheet.update(value = [[]], range_name=)' arguments 'range_name' and 'values' will swap, values will be mandatory of type: 'list(list(...))'
  warnings.warn(
/usr/local/lib/python3.9/dist-packages/gspread/worksheet.py:1046: UserWarning: [Deprecated][in version 6.0.0]: method signature will change to: 'Worksheet.update(value = [[]], range_name=)' arguments 'range_name' and 'values' will swap, values will be mandatory of type: 'list(list(...))'
  warnings.warn(
/usr/local/lib/python3.9/dist-packages/gspread/worksheet.py:1046: UserWarning: [Deprecated][in version 6.0.0]: method signature will change to: 'Worksheet.update(value = [[]], range_name=)' arguments 'range_name' and 'values' will swap, values will be mandatory of type: 'list(list(...))'
  warnings.warn(
/usr/local/lib/python3.9/dist-packages/gspread/worksheet.py:1046: UserWarning: [Deprecated][in version 6.0.0]: method signature will change to: 'Worksheet.update(value = [[]], range_name=)' arguments 'range_name' and 'values' will swap, values will be mandatory of type: 'list(list(...))'
  warnings.warn(
/usr/local/lib/python3.9/dist-packages/gspread/worksheet.py:1046: UserWarning: [Deprecated][in version 6.0.0]: method signature will change to: 'Worksheet.update(value = [[]], range_name=)' arguments 'range_name' and 'values' will swap, values will be mandatory of type: 'list(list(...))'
  warnings.warn(
/usr/local/lib/python3.9/dist-packages/gspread/worksheet.py:1046: UserWarning: [Deprecated][in version 6.0.0]: method signature will change to: 'Worksheet.update(value = [[]], range_name=)' arguments 'range_name' and 'values' will swap, values will be mandatory of type: 'list(list(...))'
  warnings.warn(
/usr/local/lib/python3.9/dist-packages/gspread/worksheet.py:1046: UserWarning: [Deprecated][in version 6.0.0]: method signature will change to: 'Worksheet.update(value = [[]], range_name=)' arguments 'range_name' and 'values' will swap, values will be mandatory of type: 'list(list(...))'
  warnings.warn(
/usr/local/lib/python3.9/dist-packages/gspread/worksheet.py:1046: UserWarning: [Deprecated][in version 6.0.0]: method signature will change to: 'Worksheet.update(value = [[]], range_name=)' arguments 'range_name' and 'values' will swap, values will be mandatory of type: 'list(list(...))'
  warnings.warn(
/usr/local/lib/python3.9/dist-packages/gspread/worksheet.py:1046: UserWarning: [Deprecated][in version 6.0.0]: method signature will change to: 'Worksheet.update(value = [[]], range_name=)' arguments 'range_name' and 'values' will swap, values will be mandatory of type: 'list(list(...))'
  warnings.warn(
/usr/local/lib/python3.9/dist-packages/gspread/worksheet.py:1046: UserWarning: [Deprecated][in version 6.0.0]: method signature will change to: 'Worksheet.update(value = [[]], range_name=)' arguments 'range_name' and 'values' will swap, values will be mandatory of type: 'list(list(...))'
  warnings.warn(
/usr/local/lib/python3.9/dist-packages/gspread/worksheet.py:1046: UserWarning: [Deprecated][in version 6.0.0]: method signature will change to: 'Worksheet.update(value = [[]], range_name=)' arguments 'range_name' and 'values' will swap, values will be mandatory of type: 'list(list(...))'
  warnings.warn(
/usr/local/lib/python3.9/dist-packages/gspread/worksheet.py:1046: UserWarning: [Deprecated][in version 6.0.0]: method signature will change to: 'Worksheet.update(value = [[]], range_name=)' arguments 'range_name' and 'values' will swap, values will be mandatory of type: 'list(list(...))'
  warnings.warn(
/usr/local/lib/python3.9/dist-packages/gspread/worksheet.py:1046: UserWarning: [Deprecated][in version 6.0.0]: method signature will change to: 'Worksheet.update(value = [[]], range_name=)' arguments 'range_name' and 'values' will swap, values will be mandatory of type: 'list(list(...))'
  warnings.warn(
/usr/local/lib/python3.9/dist-packages/gspread/worksheet.py:1046: UserWarning: [Deprecated][in version 6.0.0]: method signature will change to: 'Worksheet.update(value = [[]], range_name=)' arguments 'range_name' and 'values' will swap, values will be mandatory of type: 'list(list(...))'
  warnings.warn(
/usr/local/lib/python3.9/dist-packages/gspread/worksheet.py:1046: UserWarning: [Deprecated][in version 6.0.0]: method signature will change to: 'Worksheet.update(value = [[]], range_name=)' arguments 'range_name' and 'values' will swap, values will be mandatory of type: 'list(list(...))'
  warnings.warn(
/usr/local/lib/python3.9/dist-packages/gspread/worksheet.py:1046: UserWarning: [Deprecated][in version 6.0.0]: method signature will change to: 'Worksheet.update(value = [[]], range_name=)' arguments 'range_name' and 'values' will swap, values will be mandatory of type: 'list(list(...))'
  warnings.warn(
/usr/local/lib/python3.9/dist-packages/gspread/worksheet.py:1046: UserWarning: [Deprecated][in version 6.0.0]: method signature will change to: 'Worksheet.update(value = [[]], range_name=)' arguments 'range_name' and 'values' will swap, values will be mandatory of type: 'list(list(...))'
  warnings.warn(
/usr/local/lib/python3.9/dist-packages/gspread/worksheet.py:1046: UserWarning: [Deprecated][in version 6.0.0]: method signature will change to: 'Worksheet.update(value = [[]], range_name=)' arguments 'range_name' and 'values' will swap, values will be mandatory of type: 'list(list(...))'
  warnings.warn(
/usr/local/lib/python3.9/dist-packages/gspread/worksheet.py:1046: UserWarning: [Deprecated][in version 6.0.0]: method signature will change to: 'Worksheet.update(value = [[]], range_name=)' arguments 'range_name' and 'values' will swap, values will be mandatory of type: 'list(list(...))'
  warnings.warn(
/usr/local/lib/python3.9/dist-packages/gspread/worksheet.py:1046: UserWarning: [Deprecated][in version 6.0.0]: method signature will change to: 'Worksheet.update(value = [[]], range_name=)' arguments 'range_name' and 'values' will swap, values will be mandatory of type: 'list(list(...))'
  warnings.warn(
/usr/local/lib/python3.9/dist-packages/gspread/worksheet.py:1046: UserWarning: [Deprecated][in version 6.0.0]: method signature will change to: 'Worksheet.update(value = [[]], range_name=)' arguments 'range_name' and 'values' will swap, values will be mandatory of type: 'list(list(...))'
  warnings.warn(
/usr/local/lib/python3.9/dist-packages/gspread/worksheet.py:1046: UserWarning: [Deprecated][in version 6.0.0]: method signature will change to: 'Worksheet.update(value = [[]], range_name=)' arguments 'range_name' and 'values' will swap, values will be mandatory of type: 'list(list(...))'
  warnings.warn(
/usr/local/lib/python3.9/dist-packages/gspread/worksheet.py:1046: UserWarning: [Deprecated][in version 6.0.0]: method signature will change to: 'Worksheet.update(value = [[]], range_name=)' arguments 'range_name' and 'values' will swap, values will be mandatory of type: 'list(list(...))'
  warnings.warn(
/usr/local/lib/python3.9/dist-packages/gspread/worksheet.py:1046: UserWarning: [Deprecated][in version 6.0.0]: method signature will change to: 'Worksheet.update(value = [[]], range_name=)' arguments 'range_name' and 'values' will swap, values will be mandatory of type: 'list(list(...))'
  warnings.warn(
/usr/local/lib/python3.9/dist-packages/gspread/worksheet.py:1046: UserWarning: [Deprecated][in version 6.0.0]: method signature will change to: 'Worksheet.update(value = [[]], range_name=)' arguments 'range_name' and 'values' will swap, values will be mandatory of type: 'list(list(...))'
  warnings.warn(
/usr/local/lib/python3.9/dist-packages/gspread/worksheet.py:1046: UserWarning: [Deprecated][in version 6.0.0]: method signature will change to: 'Worksheet.update(value = [[]], range_name=)' arguments 'range_name' and 'values' will swap, values will be mandatory of type: 'list(list(...))'
  warnings.warn(
/usr/local/lib/python3.9/dist-packages/gspread/worksheet.py:1046: UserWarning: [Deprecated][in version 6.0.0]: method signature will change to: 'Worksheet.update(value = [[]], range_name=)' arguments 'range_name' and 'values' will swap, values will be mandatory of type: 'list(list(...))'
  warnings.warn(
/usr/local/lib/python3.9/dist-packages/gspread/worksheet.py:1046: UserWarning: [Deprecated][in version 6.0.0]: method signature will change to: 'Worksheet.update(value = [[]], range_name=)' arguments 'range_name' and 'values' will swap, values will be mandatory of type: 'list(list(...))'
  warnings.warn(
/usr/local/lib/python3.9/dist-packages/gspread/worksheet.py:1046: UserWarning: [Deprecated][in version 6.0.0]: method signature will change to: 'Worksheet.update(value = [[]], range_name=)' arguments 'range_name' and 'values' will swap, values will be mandatory of type: 'list(list(...))'
  warnings.warn(
/usr/local/lib/python3.9/dist-packages/gspread/worksheet.py:1046: UserWarning: [Deprecated][in version 6.0.0]: method signature will change to: 'Worksheet.update(value = [[]], range_name=)' arguments 'range_name' and 'values' will swap, values will be mandatory of type: 'list(list(...))'
  warnings.warn(
/usr/local/lib/python3.9/dist-packages/gspread/worksheet.py:1046: UserWarning: [Deprecated][in version 6.0.0]: method signature will change to: 'Worksheet.update(value = [[]], range_name=)' arguments 'range_name' and 'values' will swap, values will be mandatory of type: 'list(list(...))'
  warnings.warn(
/usr/local/lib/python3.9/dist-packages/gspread/worksheet.py:1046: UserWarning: [Deprecated][in version 6.0.0]: method signature will change to: 'Worksheet.update(value = [[]], range_name=)' arguments 'range_name' and 'values' will swap, values will be mandatory of type: 'list(list(...))'
  warnings.warn(
/usr/local/lib/python3.9/dist-packages/gspread/worksheet.py:1046: UserWarning: [Deprecated][in version 6.0.0]: method signature will change to: 'Worksheet.update(value = [[]], range_name=)' arguments 'range_name' and 'values' will swap, values will be mandatory of type: 'list(list(...))'
  warnings.warn(
/usr/local/lib/python3.9/dist-packages/gspread/worksheet.py:1046: UserWarning: [Deprecated][in version 6.0.0]: method signature will change to: 'Worksheet.update(value = [[]], range_name=)' arguments 'range_name' and 'values' will swap, values will be mandatory of type: 'list(list(...))'
  warnings.warn(
/usr/local/lib/python3.9/dist-packages/gspread/worksheet.py:1046: UserWarning: [Deprecated][in version 6.0.0]: method signature will change to: 'Worksheet.update(value = [[]], range_name=)' arguments 'range_name' and 'values' will swap, values will be mandatory of type: 'list(list(...))'
  warnings.warn(
/usr/local/lib/python3.9/dist-packages/gspread/worksheet.py:1046: UserWarning: [Deprecated][in version 6.0.0]: method signature will change to: 'Worksheet.update(value = [[]], range_name=)' arguments 'range_name' and 'values' will swap, values will be mandatory of type: 'list(list(...))'
  warnings.warn(
/usr/local/lib/python3.9/dist-packages/gspread/worksheet.py:1046: UserWarning: [Deprecated][in version 6.0.0]: method signature will change to: 'Worksheet.update(value = [[]], range_name=)' arguments 'range_name' and 'values' will swap, values will be mandatory of type: 'list(list(...))'
  warnings.warn(
Счетчик обновлен: 2
Бот запущен. Ожидание сообщений...
Счетчик обновлен: 2
Счетчик обновлен: 3
Пользователь 6059130725 перешел по ссылке с параметром start: TEST-WEBMASTER
2023-08-26 21:41:06
Счетчик обновлен: 4
Пользователь 1634367198 перешел по ссылке с параметром start: kdm
Счетчик обновлен: 5
Пользователь 476358435 перешел по ссылке с параметром start: kdm
2023-08-27 00:35:51
Счетчик обновлен: 6
2023-08-27 00:45:28
Счетчик обновлен: 7
Пользователь 5779477566 перешел по ссылке с параметром start: kdm
Счетчик обновлен: 8
Счетчик обновлен: 9
Пользователь 5774087908 перешел по ссылке с параметром start: coder
Счетчик обновлен: 10
Пользователь 5826431245 перешел по ссылке с параметром start: kdm
2023-08-27 19:50:21
2023-08-27 20:35:23
Счетчик обновлен: 11
Пользователь 988645400 перешел по ссылке с параметром start: kdm
Счетчик обновлен: 12
Пользователь 238813307 перешел по ссылке с параметром start: kdm
Счетчик обновлен: 13
Счетчик обновлен: 14
Пользователь 6154543310 перешел по ссылке с параметром start: kdm
Счетчик обновлен: 15
Пользователь 5239949007 перешел по ссылке с параметром start: kdm
2023-08-28 04:25:03
Счетчик обновлен: 16
Пользователь 1448606246 перешел по ссылке с параметром start: kdm
Счетчик обновлен: 17
2023-08-28 05:13:18
Счетчик обновлен: 18
Пользователь 1488692648 перешел по ссылке с параметром start: kdm
2023-08-28 05:42:15
Счетчик обновлен: 19
Пользователь 5412035293 перешел по ссылке с параметром start: kdm
Счетчик обновлен: 20
Пользователь 6562559104 перешел по ссылке с параметром start: kdm
Счетчик обновлен: 21
Пользователь 5576422304 перешел по ссылке с параметром start: kdm
Счетчик обновлен: 22
Пользователь 6590180791 перешел по ссылке с параметром start: kdm
Счетчик обновлен: 23
Пользователь 5250775941 перешел по ссылке с параметром start: coder
2023-08-28 12:54:39
Счетчик обновлен: 24
Счетчик обновлен: 25
Пользователь 5500344278 перешел по ссылке с параметром start: kdm
2023-08-28 13:46:31
Счетчик обновлен: 26
Пользователь 6462621592 перешел по ссылке с параметром start: kdm
Счетчик обновлен: 27
2023-08-28 14:08:52
2023-08-28 17:32:55
2023-08-28 17:49:44
Счетчик обновлен: 28
Пользователь 6194677445 перешел по ссылке с параметром start: kdm
2023-08-28 17:58:45
Счетчик обновлен: 29
Пользователь 5117730576 перешел по ссылке с параметром start: kdm
2023-08-28 18:03:40
Счетчик обновлен: 30
Пользователь 5843668498 перешел по ссылке с параметром start: kdm
2023-08-28 18:08:39
Счетчик обновлен: 31
2023-08-28 18:51:57
Счетчик обновлен: 32
2023-08-28 19:04:13
Счетчик обновлен: 33
2023-08-28 19:08:53
Счетчик обновлен: 34
Пользователь 476358435 перешел по ссылке с параметром start: x
2023-08-28 19:09:42
Счетчик обновлен: 35
Пользователь 476358435 перешел по ссылке с параметром start: Rudok
2023-08-28 19:11:26
Счетчик обновлен: 36
Пользователь 908782684 перешел по ссылке с параметром start: kdm
2023-08-28 19:45:37
Счетчик обновлен: 37
Пользователь 476358435 перешел по ссылке с параметром start: xXxXx_XxxXXxx
2023-08-28 20:35:22
Счетчик обновлен: 38
2023-08-28 20:38:00
Счетчик обновлен: 39
Пользователь 476358435 перешел по ссылке с параметром start: =H112
2023-08-28 20:39:52
Счетчик обновлен: 40
2023-08-28 20:47:39
Счетчик обновлен: 41
Пользователь 6382928030 перешел по ссылке с параметром start: anna_pushhousep
2023-08-28 21:47:06
Счетчик обновлен: 42
Пользователь 5649423372 перешел по ссылке с параметром start: undefind
Счетчик обновлен: 43
Пользователь 1673134031 перешел по ссылке с параметром start: anna_pushhousep
2023-08-28 21:49:49
2023-08-28 21:50:08
Счетчик обновлен: 44
Пользователь 5652070331 перешел по ссылке с параметром start: anna_pushhousep
Счетчик обновлен: 45
Пользователь 1673134031 перешел по ссылке с параметром start: anna_pushhousep
2023-08-28 21:58:40
Счетчик обновлен: 46
Пользователь 5306670692 перешел по ссылке с параметром start: anna_pushhousep
Счетчик обновлен: 47
Пользователь 5097942628 перешел по ссылке с параметром start: anna_pushhousep
2023-08-28 22:11:14
Счетчик обновлен: 48
Пользователь 6178885040 перешел по ссылке с параметром start: anna_pushhousep
2023-08-28 22:28:28
Счетчик обновлен: 49
Пользователь 5182177574 перешел по ссылке с параметром start: anna_pushhousep
Счетчик обновлен: 50
Пользователь 5498416048 перешел по ссылке с параметром start: anna_pushhousep
2023-08-28 22:44:28
2023-08-28 22:45:08
Счетчик обновлен: 51
Пользователь 6515329009 перешел по ссылке с параметром start: anna_pushhousep
2023-08-28 22:52:11
Счетчик обновлен: 52
Пользователь 5518012233 перешел по ссылке с параметром start: anna_pushhousep
2023-08-28 23:05:34
Счетчик обновлен: 53
Счетчик обновлен: 54
Пользователь 6154363560 перешел по ссылке с параметром start: anna_pushhousep
2023-08-28 23:15:23
Счетчик обновлен: 55
Пользователь 6336661357 перешел по ссылке с параметром start: anna_pushhousep
Счетчик обновлен: 56
Пользователь 6594925347 перешел по ссылке с параметром start: anna_pushhousep
2023-08-28 23:45:58
Счетчик обновлен: 57
Пользователь 6588391999 перешел по ссылке с параметром start: anna_pushhousep
Счетчик обновлен: 58
2023-08-29 00:06:35
Счетчик обновлен: 59
Пользователь 476358435 перешел по ссылке с параметром start: TEST-DEVELOPER
2023-08-29 00:08:22
Счетчик обновлен: 60
Пользователь 476358435 перешел по ссылке с параметром start: TEST-DEVELOPER
2023-08-29 00:10:09
Счетчик обновлен: 61
Пользователь 6170143988 перешел по ссылке с параметром start: anna_pushhousep
Счетчик обновлен: 62
/usr/local/lib/python3.9/dist-packages/gspread/worksheet.py:1046: UserWarning: [Deprecated][in version 6.0.0]: method signature will change to: 'Worksheet.update(value = [[]], range_name=)' arguments 'range_name' and 'values' will swap, values will be mandatory of type: 'list(list(...))'
  warnings.warn(
/usr/local/lib/python3.9/dist-packages/gspread/worksheet.py:1046: UserWarning: [Deprecated][in version 6.0.0]: method signature will change to: 'Worksheet.update(value = [[]], range_name=)' arguments 'range_name' and 'values' will swap, values will be mandatory of type: 'list(list(...))'
  warnings.warn(
/usr/local/lib/python3.9/dist-packages/gspread/worksheet.py:1046: UserWarning: [Deprecated][in version 6.0.0]: method signature will change to: 'Worksheet.update(value = [[]], range_name=)' arguments 'range_name' and 'values' will swap, values will be mandatory of type: 'list(list(...))'
  warnings.warn(
/usr/local/lib/python3.9/dist-packages/gspread/worksheet.py:1046: UserWarning: [Deprecated][in version 6.0.0]: method signature will change to: 'Worksheet.update(value = [[]], range_name=)' arguments 'range_name' and 'values' will swap, values will be mandatory of type: 'list(list(...))'
  warnings.warn(
/usr/local/lib/python3.9/dist-packages/gspread/worksheet.py:1046: UserWarning: [Deprecated][in version 6.0.0]: method signature will change to: 'Worksheet.update(value = [[]], range_name=)' arguments 'range_name' and 'values' will swap, values will be mandatory of type: 'list(list(...))'
  warnings.warn(
/usr/local/lib/python3.9/dist-packages/gspread/worksheet.py:1046: UserWarning: [Deprecated][in version 6.0.0]: method signature will change to: 'Worksheet.update(value = [[]], range_name=)' arguments 'range_name' and 'values' will swap, values will be mandatory of type: 'list(list(...))'
  warnings.warn(
/usr/local/lib/python3.9/dist-packages/gspread/worksheet.py:1046: UserWarning: [Deprecated][in version 6.0.0]: method signature will change to: 'Worksheet.update(value = [[]], range_name=)' arguments 'range_name' and 'values' will swap, values will be mandatory of type: 'list(list(...))'
  warnings.warn(
/usr/local/lib/python3.9/dist-packages/gspread/worksheet.py:1046: UserWarning: [Deprecated][in version 6.0.0]: method signature will change to: 'Worksheet.update(value = [[]], range_name=)' arguments 'range_name' and 'values' will swap, values will be mandatory of type: 'list(list(...))'
  warnings.warn(
/usr/local/lib/python3.9/dist-packages/gspread/worksheet.py:1046: UserWarning: [Deprecated][in version 6.0.0]: method signature will change to: 'Worksheet.update(value = [[]], range_name=)' arguments 'range_name' and 'values' will swap, values will be mandatory of type: 'list(list(...))'
  warnings.warn(
/usr/local/lib/python3.9/dist-packages/gspread/worksheet.py:1046: UserWarning: [Deprecated][in version 6.0.0]: method signature will change to: 'Worksheet.update(value = [[]], range_name=)' arguments 'range_name' and 'values' will swap, values will be mandatory of type: 'list(list(...))'
  warnings.warn(
/usr/local/lib/python3.9/dist-packages/gspread/worksheet.py:1046: UserWarning: [Deprecated][in version 6.0.0]: method signature will change to: 'Worksheet.update(value = [[]], range_name=)' arguments 'range_name' and 'values' will swap, values will be mandatory of type: 'list(list(...))'
  warnings.warn(
/usr/local/lib/python3.9/dist-packages/gspread/worksheet.py:1046: UserWarning: [Deprecated][in version 6.0.0]: method signature will change to: 'Worksheet.update(value = [[]], range_name=)' arguments 'range_name' and 'values' will swap, values will be mandatory of type: 'list(list(...))'
  warnings.warn(
/usr/local/lib/python3.9/dist-packages/gspread/worksheet.py:1046: UserWarning: [Deprecated][in version 6.0.0]: method signature will change to: 'Worksheet.update(value = [[]], range_name=)' arguments 'range_name' and 'values' will swap, values will be mandatory of type: 'list(list(...))'
  warnings.warn(
/usr/local/lib/python3.9/dist-packages/gspread/worksheet.py:1046: UserWarning: [Deprecated][in version 6.0.0]: method signature will change to: 'Worksheet.update(value = [[]], range_name=)' arguments 'range_name' and 'values' will swap, values will be mandatory of type: 'list(list(...))'
  warnings.warn(
/usr/local/lib/python3.9/dist-packages/gspread/worksheet.py:1046: UserWarning: [Deprecated][in version 6.0.0]: method signature will change to: 'Worksheet.update(value = [[]], range_name=)' arguments 'range_name' and 'values' will swap, values will be mandatory of type: 'list(list(...))'
  warnings.warn(
/usr/local/lib/python3.9/dist-packages/gspread/worksheet.py:1046: UserWarning: [Deprecated][in version 6.0.0]: method signature will change to: 'Worksheet.update(value = [[]], range_name=)' arguments 'range_name' and 'values' will swap, values will be mandatory of type: 'list(list(...))'
  warnings.warn(
/usr/local/lib/python3.9/dist-packages/gspread/worksheet.py:1046: UserWarning: [Deprecated][in version 6.0.0]: method signature will change to: 'Worksheet.update(value = [[]], range_name=)' arguments 'range_name' and 'values' will swap, values will be mandatory of type: 'list(list(...))'
  warnings.warn(
/usr/local/lib/python3.9/dist-packages/gspread/worksheet.py:1046: UserWarning: [Deprecated][in version 6.0.0]: method signature will change to: 'Worksheet.update(value = [[]], range_name=)' arguments 'range_name' and 'values' will swap, values will be mandatory of type: 'list(list(...))'
  warnings.warn(
/usr/local/lib/python3.9/dist-packages/gspread/worksheet.py:1046: UserWarning: [Deprecated][in version 6.0.0]: method signature will change to: 'Worksheet.update(value = [[]], range_name=)' arguments 'range_name' and 'values' will swap, values will be mandatory of type: 'list(list(...))'
  warnings.warn(
/usr/local/lib/python3.9/dist-packages/gspread/worksheet.py:1046: UserWarning: [Deprecated][in version 6.0.0]: method signature will change to: 'Worksheet.update(value = [[]], range_name=)' arguments 'range_name' and 'values' will swap, values will be mandatory of type: 'list(list(...))'
  warnings.warn(
Пользователь 6089973575 перешел по ссылке с параметром start: anna_pushhousep
Счетчик обновлен: 63
Пользователь 5473971020 перешел по ссылке с параметром start: anna_pushhousep
Счетчик обновлен: 64
Пользователь 6410211141 перешел по ссылке с параметром start: anna_pushhousep
Счетчик обновлен: 65
Пользователь 299359014 перешел по ссылке с параметром start: kdm
Счетчик обновлен: 66
Пользователь 476358435 перешел по ссылке с параметром start: TEST-DEVELOPER
2023-08-29 03:33:00
Счетчик обновлен: 67
Пользователь 941295018 перешел по ссылке с параметром start: anna_pushhousep
2023-08-29 08:55:31
Счетчик обновлен: 68
Счетчик обновлен: 69
Пользователь 6014986880 перешел по ссылке с параметром start: anna_pushhousep
2023-08-29 12:33:58
Счетчик обновлен: 70
Пользователь 1867939818 перешел по ссылке с параметром start: anna_pushhousep
2023-08-29 13:24:58
Счетчик обновлен: 71
Пользователь 5016999043 перешел по ссылке с параметром start: anna_evadavpush
Счетчик обновлен: 72
Пользователь 6320707813 перешел по ссылке с параметром start: anna_evadavpush
Счетчик обновлен: 73
Пользователь 841778851 перешел по ссылке с параметром start: anna_evadavpush
2023-08-29 17:19:35
Счетчик обновлен: 74
Пользователь 1057823348 перешел по ссылке с параметром start: anna_evadavpush
Счетчик обновлен: 75
Счетчик обновлен: 76
Пользователь 841778851 перешел по ссылке с параметром start: anna_pushhousep2
Счетчик обновлен: 77
Пользователь 1664877026 перешел по ссылке с параметром start: anna_pushhousep3
Счетчик обновлен: 78
Пользователь 5209221884 перешел по ссылке с параметром start: anna_pushhousep5
Счетчик обновлен: 79
Пользователь 6446493253 перешел по ссылке с параметром start: anna_pushhousep3
2023-08-29 19:53:58
Счетчик обновлен: 80
Пользователь 6258601604 перешел по ссылке с параметром start: anna_pushhousep5
2023-08-29 20:44:30
Счетчик обновлен: 81
Пользователь 6603212856 перешел по ссылке с параметром start: anna_pushhousep4
Счетчик обновлен: 82
Пользователь 1054713020 перешел по ссылке с параметром start: anna_pushhousep5
Счетчик обновлен: 83
Пользователь 5217301837 перешел по ссылке с параметром start: anna_pushhousep1
Счетчик обновлен: 84
Пользователь 5692456528 перешел по ссылке с параметром start: anna_pushhousep1
Счетчик обновлен: 85
Пользователь 1644335567 перешел по ссылке с параметром start: anna_pushhousep4
2023-08-29 21:52:57
Счетчик обновлен: 86
Пользователь 5977093208 перешел по ссылке с параметром start: anna_pushhousep1
2023-08-29 22:13:34
Счетчик обновлен: 87
Пользователь 1533454980 перешел по ссылке с параметром start: anna_pushhousep1
2023-08-29 22:22:54
Счетчик обновлен: 88
Пользователь 5161317846 перешел по ссылке с параметром start: anna_pushhousep1
Счетчик обновлен: 89
Пользователь 6531661742 перешел по ссылке с параметром start: anna_pushhousep3
2023-08-29 22:29:55
Счетчик обновлен: 90
Пользователь 6531661742 перешел по ссылке с параметром start: anna_pushhousep3
Счетчик обновлен: 91
Пользователь 6446589383 перешел по ссылке с параметром start: anna_pushhousep5
2023-08-29 22:32:27
Счетчик обновлен: 92
Пользователь 6531661742 перешел по ссылке с параметром start: anna_pushhousep3
Счетчик обновлен: 93
Пользователь 408902983 перешел по ссылке с параметром start: X
Счетчик обновлен: 94
Пользователь 2061139678 перешел по ссылке с параметром start: anna_pushhousep4
Счетчик обновлен: 95
Пользователь 476358435 перешел по ссылке с параметром start: Rudok
Счетчик обновлен: 96
Пользователь 577218343 перешел по ссылке с параметром start: anna_kdm
2023-08-30 14:07:18
2023-08-30 14:14:49
Счетчик обновлен: 97
Пользователь 6315803971 перешел по ссылке с параметром start: anna_richadspop
Счетчик обновлен: 98
Пользователь 1098522430 перешел по ссылке с параметром start: anna_kdm2
Счетчик обновлен: 99
Пользователь 577218343 перешел по ссылке с параметром start: anna_kdm1
Счетчик обновлен: 100
Пользователь 5093570755 перешел по ссылке с параметром start: anna_pushhouse4
2023-08-30 17:41:45
Счетчик обновлен: 101
Пользователь 6444070707 перешел по ссылке с параметром start: anna_pushhouse1
2023-08-30 17:54:38
Счетчик обновлен: 102
Пользователь 2081501880 перешел по ссылке с параметром start: anna_pushhouse4
Счетчик обновлен: 103
Пользователь 238813307 перешел по ссылке с параметром start: anna_richads
2023-08-30 21:14:32
2023-08-30 21:25:08
Счетчик обновлен: 104
Пользователь 5008161880 перешел по ссылке с параметром start: anna_richadsinp
Счетчик обновлен: 105
Пользователь 1259647792 перешел по ссылке с параметром start: anna_pushhouse1
2023-08-30 22:12:30
Счетчик обновлен: 106
Пользователь 6562463139 перешел по ссылке с параметром start: anna_pushhouse4
Счетчик обновлен: 107
Пользователь 5891258165 перешел по ссылке с параметром start: anna_pushhouse1
2023-08-30 22:30:23
Счетчик обновлен: 108
Пользователь 6212085266 перешел по ссылке с параметром start: anna_richadsinp
Счетчик обновлен: 109
Пользователь 5356705395 перешел по ссылке с параметром start: anna_richadsinp
Счетчик обновлен: 110
Пользователь 933019511 перешел по ссылке с параметром start: anna_richadspop
Счетчик обновлен: 111
Пользователь 5194424016 перешел по ссылке с параметром start: anna_richadsinp
Счетчик обновлен: 112
Счетчик обновлен: 113
2023-08-31 07:47:13
Счетчик обновлен: 114
Пользователь 6501470775 перешел по ссылке с параметром start: annkp
Счетчик обновлен: 115
Пользователь 6275066340 перешел по ссылке с параметром start: Rudok
2023-08-31 14:40:13
Счетчик обновлен: 116
/usr/local/lib/python3.9/dist-packages/gspread/worksheet.py:1046: UserWarning: [Deprecated][in version 6.0.0]: method signature will change to: 'Worksheet.update(value = [[]], range_name=)' arguments 'range_name' and 'values' will swap, values will be mandatory of type: 'list(list(...))'
  warnings.warn(
/usr/local/lib/python3.9/dist-packages/gspread/worksheet.py:1046: UserWarning: [Deprecated][in version 6.0.0]: method signature will change to: 'Worksheet.update(value = [[]], range_name=)' arguments 'range_name' and 'values' will swap, values will be mandatory of type: 'list(list(...))'
  warnings.warn(
/usr/local/lib/python3.9/dist-packages/gspread/worksheet.py:1046: UserWarning: [Deprecated][in version 6.0.0]: method signature will change to: 'Worksheet.update(value = [[]], range_name=)' arguments 'range_name' and 'values' will swap, values will be mandatory of type: 'list(list(...))'
  warnings.warn(
/usr/local/lib/python3.9/dist-packages/gspread/worksheet.py:1046: UserWarning: [Deprecated][in version 6.0.0]: method signature will change to: 'Worksheet.update(value = [[]], range_name=)' arguments 'range_name' and 'values' will swap, values will be mandatory of type: 'list(list(...))'
  warnings.warn(
/usr/local/lib/python3.9/dist-packages/gspread/worksheet.py:1046: UserWarning: [Deprecated][in version 6.0.0]: method signature will change to: 'Worksheet.update(value = [[]], range_name=)' arguments 'range_name' and 'values' will swap, values will be mandatory of type: 'list(list(...))'
  warnings.warn(
/usr/local/lib/python3.9/dist-packages/gspread/worksheet.py:1046: UserWarning: [Deprecated][in version 6.0.0]: method signature will change to: 'Worksheet.update(value = [[]], range_name=)' arguments 'range_name' and 'values' will swap, values will be mandatory of type: 'list(list(...))'
  warnings.warn(
/usr/local/lib/python3.9/dist-packages/gspread/worksheet.py:1046: UserWarning: [Deprecated][in version 6.0.0]: method signature will change to: 'Worksheet.update(value = [[]], range_name=)' arguments 'range_name' and 'values' will swap, values will be mandatory of type: 'list(list(...))'
  warnings.warn(
/usr/local/lib/python3.9/dist-packages/gspread/worksheet.py:1046: UserWarning: [Deprecated][in version 6.0.0]: method signature will change to: 'Worksheet.update(value = [[]], range_name=)' arguments 'range_name' and 'values' will swap, values will be mandatory of type: 'list(list(...))'
  warnings.warn(
/usr/local/lib/python3.9/dist-packages/gspread/worksheet.py:1046: UserWarning: [Deprecated][in version 6.0.0]: method signature will change to: 'Worksheet.update(value = [[]], range_name=)' arguments 'range_name' and 'values' will swap, values will be mandatory of type: 'list(list(...))'
  warnings.warn(
/usr/local/lib/python3.9/dist-packages/gspread/worksheet.py:1046: UserWarning: [Deprecated][in version 6.0.0]: method signature will change to: 'Worksheet.update(value = [[]], range_name=)' arguments 'range_name' and 'values' will swap, values will be mandatory of type: 'list(list(...))'
  warnings.warn(
/usr/local/lib/python3.9/dist-packages/gspread/worksheet.py:1046: UserWarning: [Deprecated][in version 6.0.0]: method signature will change to: 'Worksheet.update(value = [[]], range_name=)' arguments 'range_name' and 'values' will swap, values will be mandatory of type: 'list(list(...))'
  warnings.warn(
/usr/local/lib/python3.9/dist-packages/gspread/worksheet.py:1046: UserWarning: [Deprecated][in version 6.0.0]: method signature will change to: 'Worksheet.update(value = [[]], range_name=)' arguments 'range_name' and 'values' will swap, values will be mandatory of type: 'list(list(...))'
  warnings.warn(
/usr/local/lib/python3.9/dist-packages/gspread/worksheet.py:1046: UserWarning: [Deprecated][in version 6.0.0]: method signature will change to: 'Worksheet.update(value = [[]], range_name=)' arguments 'range_name' and 'values' will swap, values will be mandatory of type: 'list(list(...))'
  warnings.warn(
/usr/local/lib/python3.9/dist-packages/gspread/worksheet.py:1046: UserWarning: [Deprecated][in version 6.0.0]: method signature will change to: 'Worksheet.update(value = [[]], range_name=)' arguments 'range_name' and 'values' will swap, values will be mandatory of type: 'list(list(...))'
  warnings.warn(
/usr/local/lib/python3.9/dist-packages/gspread/worksheet.py:1046: UserWarning: [Deprecated][in version 6.0.0]: method signature will change to: 'Worksheet.update(value = [[]], range_name=)' arguments 'range_name' and 'values' will swap, values will be mandatory of type: 'list(list(...))'
  warnings.warn(
/usr/local/lib/python3.9/dist-packages/gspread/worksheet.py:1046: UserWarning: [Deprecated][in version 6.0.0]: method signature will change to: 'Worksheet.update(value = [[]], range_name=)' arguments 'range_name' and 'values' will swap, values will be mandatory of type: 'list(list(...))'
  warnings.warn(
/usr/local/lib/python3.9/dist-packages/gspread/worksheet.py:1046: UserWarning: [Deprecated][in version 6.0.0]: method signature will change to: 'Worksheet.update(value = [[]], range_name=)' arguments 'range_name' and 'values' will swap, values will be mandatory of type: 'list(list(...))'
  warnings.warn(
